

Microchip Technology PIC18 PRO Macro Assembler V1.34 build -361300703 
                                                                                               Thu Aug 20 20:39:14 2015

Microchip Technology Omniscient Code Generator (PRO mode) build 201502162209
     1                           	processor	18F26K80
     2                           	fnconf	rparam,??,?,0
     3                           	opt	pw 120
     4                           	opt	pm
     5                           	psect	text0,global,reloc=2,class=CODE,delta=1
     6                           	psect	cinit,global,reloc=2,class=CODE,delta=1
     7                           	psect	cstackCOMRAM,global,class=COMRAM,space=1,delta=1
     8                           	psect	text1,global,reloc=2,class=CODE,delta=1
     9                           	psect	text2,global,reloc=2,class=CODE,delta=1
    10                           	psect	intcode,global,reloc=2,class=CODE,delta=1
    11                           	psect	text4,global,reloc=2,class=CODE,delta=1
    12                           	psect	intsave_regs,global,class=BIGRAM,space=1,delta=1
    13                           	psect	rparam,global,class=COMRAM,space=1,delta=1
    14  0000                     _INTCONbits	set	4082
    15  0000                     _LATBbits	set	3978
    16  0000                     _OSCCONbits	set	4051
    17  0000                     _OSCTUNEbits	set	3995
    18  0000                     _T0CON	set	4053
    19  0000                     _T0CONbits	set	4053
    20  0000                     _TMR0H	set	4055
    21  0000                     _TMR0L	set	4054
    22  0000                     _TRISBbits	set	3987
    23                           
    24 ;;
    25 ;;Main: autosize = 0, tempsize = 0, incstack = 0, save=0
    26 ;;
    27 ;; *************** function _main *****************
    28 ;; Defined at:
    29 ;;		line 133 in file "main.c"
    30 ;; Parameters:    Size  Location     Type
    31 ;;		None
    32 ;; Auto vars:     Size  Location     Type
    33 ;;  hbeat           4    8[COMRAM] unsigned long 
    34 ;; Return value:  Size  Location     Type
    35 ;;		None               void
    36 ;; Registers used:
    37 ;;		wreg, status,2, status,0, cstack
    38 ;; Tracked objects:
    39 ;;		On entry : 0/0
    40 ;;		On exit  : 0/0
    41 ;;		Unchanged: 0/0
    42 ;; Data sizes:     COMRAM   BANK0   BANK1   BANK2   BANK3   BANK4   BANK5   BANK6   BANK7   BANK8   BANK9  BANK10  BANK1
      +1  BANK12  BANK13  BANK14
    43 ;;      Params:         0       0       0       0       0       0       0       0       0       0       0       0       
      +0       0       0       0
    44 ;;      Locals:         4       0       0       0       0       0       0       0       0       0       0       0       
      +0       0       0       0
    45 ;;      Temps:          0       0       0       0       0       0       0       0       0       0       0       0       
      +0       0       0       0
    46 ;;      Totals:         4       0       0       0       0       0       0       0       0       0       0       0       
      +0       0       0       0
    47 ;;Total ram usage:        4 bytes
    48 ;; Hardware stack levels required when called:    3
    49 ;; This function calls:
    50 ;;		_OpenTimer0
    51 ;;		_WriteTimer0
    52 ;; This function is called by:
    53 ;;		Startup code after reset
    54 ;; This function uses a non-reentrant model
    55 ;;
    56                           
    57                           	psect	text0
    58  000022                     __ptext0:
    59                           	opt stack 0
    60  000022                     _main:
    61                           	opt stack 28
    62                           
    63                           ;main.c: 135: unsigned long int hbeat = 0;
    64                           
    65                           ;incstack = 0
    66  000022  6A09               	clrf	main@hbeat,c
    67  000024  6A0A               	clrf	main@hbeat+1,c
    68  000026  6A0B               	clrf	main@hbeat+2,c
    69  000028  6A0C               	clrf	main@hbeat+3,c
    70                           
    71                           ;main.c: 140: OSCCONbits.IRCF2 = 1;
    72  00002A  8CD3               	bsf	4051,6,c	;volatile
    73                           
    74                           ;main.c: 141: OSCCONbits.IRCF1 = 1;
    75  00002C  8AD3               	bsf	4051,5,c	;volatile
    76                           
    77                           ;main.c: 142: OSCCONbits.IRCF0 = 1;
    78  00002E  88D3               	bsf	4051,4,c	;volatile
    79                           
    80                           ;main.c: 145: OSCCONbits.HFIOFS = 1;
    81  000030  84D3               	bsf	4051,2,c	;volatile
    82                           
    83                           ;main.c: 148: OSCTUNEbits.PLLEN = 1;
    84  000032  8C9B               	bsf	3995,6,c	;volatile
    85                           
    86                           ;main.c: 157: OpenTimer0(0b11111111 & 0b10111111 & 0b11011111 & 0b11110111);
    87  000034  0E97               	movlw	151
    88  000036  EC4E  F000         	call	_OpenTimer0
    89                           
    90                           ;main.c: 160: WriteTimer0(0xF000);
    91  00003A  0EF0               	movlw	240
    92  00003C  6E06               	movwf	WriteTimer0@timer0+1,c
    93  00003E  0E00               	movlw	0
    94  000040  6A05               	clrf	WriteTimer0@timer0,c
    95  000042  EC5C  F000         	call	_WriteTimer0	;wreg free
    96                           
    97                           ;main.c: 163: INTCONbits.TMR0IF = 0;
    98  000046  94F2               	bcf	intcon,2,c	;volatile
    99                           
   100                           ;main.c: 166: (INTCONbits.GIE = 1);
   101  000048  8EF2               	bsf	intcon,7,c	;volatile
   102                           
   103                           ;main.c: 175: TRISBbits.TRISB1 = 0;
   104  00004A  9293               	bcf	3987,1,c	;volatile
   105                           
   106                           ;main.c: 176: TRISBbits.TRISB2 = 0;
   107  00004C  9493               	bcf	3987,2,c	;volatile
   108  00004E                     l711:
   109                           
   110                           ;main.c: 179: if(hbeat == 0x17FF){
   111  00004E  2809               	incf	main@hbeat,w,c
   112  000050  E10D               	bnz	l717
   113  000052  0E17               	movlw	23
   114  000054  180A               	xorwf	main@hbeat+1,w,c
   115  000056  100B               	iorwf	main@hbeat+2,w,c
   116  000058  100C               	iorwf	main@hbeat+3,w,c
   117  00005A  A4D8               	btfss	status,2,c
   118  00005C  D007               	goto	l717
   119                           
   120                           ;main.c: 180: LATBbits.LATB1 = 1;
   121  00005E  828A               	bsf	3978,1,c	;volatile
   122  000060                     l715:
   123                           
   124                           ;main.c: 181: hbeat++;
   125  000060  2A09               	incf	main@hbeat,f,c
   126  000062  0E00               	movlw	0
   127  000064  220A               	addwfc	main@hbeat+1,f,c
   128  000066  220B               	addwfc	main@hbeat+2,f,c
   129  000068  220C               	addwfc	main@hbeat+3,f,c
   130                           
   131                           ;main.c: 182: }
   132  00006A  D7F1               	goto	l711
   133  00006C                     l717:
   134                           
   135                           ;main.c: 183: else if( hbeat == 0x8FFF ){
   136  00006C  2809               	incf	main@hbeat,w,c
   137  00006E  E108               	bnz	l723
   138  000070  0E8F               	movlw	143
   139  000072  180A               	xorwf	main@hbeat+1,w,c
   140  000074  100B               	iorwf	main@hbeat+2,w,c
   141  000076  100C               	iorwf	main@hbeat+3,w,c
   142  000078  A4D8               	btfss	status,2,c
   143  00007A  D002               	goto	l723
   144                           
   145                           ;main.c: 184: LATBbits.LATB1 = 0;
   146  00007C  928A               	bcf	3978,1,c	;volatile
   147  00007E  D7F0               	goto	l715
   148  000080                     l723:
   149                           
   150                           ;main.c: 187: else if (hbeat == 0x4FFFF){
   151  000080  2809               	incf	main@hbeat,w,c
   152  000082  E1EE               	bnz	l715
   153  000084  280A               	incf	main@hbeat+1,w,c
   154  000086  E1EC               	bnz	l715
   155  000088  0E04               	movlw	4
   156  00008A  180B               	xorwf	main@hbeat+2,w,c
   157  00008C  100C               	iorwf	main@hbeat+3,w,c
   158  00008E  A4D8               	btfss	status,2,c
   159  000090  D7E7               	goto	l715
   160                           
   161                           ;main.c: 188: hbeat = 0x00;
   162  000092  6A09               	clrf	main@hbeat,c
   163  000094  6A0A               	clrf	main@hbeat+1,c
   164  000096  6A0B               	clrf	main@hbeat+2,c
   165  000098  6A0C               	clrf	main@hbeat+3,c
   166                           
   167                           ;main.c: 189: }
   168  00009A  D7D9               	goto	l711
   169  00009C                     __end_of_main:
   170                           	opt stack 0
   171                           intcon	equ	0xFF2
   172                           status	equ	0xFD8
   173                           
   174                           	psect	cinit
   175  0000DC                     __pcinit:
   176                           	opt stack 0
   177  0000DC                     start_initialization:
   178                           	opt stack 0
   179  0000DC                     __initialization:
   180                           	opt stack 0
   181  0000DC                     end_of_initialization:
   182                           	opt stack 0
   183  0000DC                     __end_of__initialization:
   184                           	opt stack 0
   185  0000DC  0100               	movlb	0
   186  0000DE  EF11  F000         	goto	_main	;jump to C main() function
   187                           intcon	equ	0xFF2
   188                           status	equ	0xFD8
   189                           
   190                           	psect	cstackCOMRAM
   191  000001                     __pcstackCOMRAM:
   192                           	opt stack 0
   193  000001                     i2WriteTimer0@timer0:
   194                           	opt stack 0
   195                           
   196                           ; 2 bytes @ 0x0
   197  000001                     	ds	2
   198  000003                     i2WriteTimer0@timer:
   199                           	opt stack 0
   200                           
   201                           ; 2 bytes @ 0x2
   202  000003                     	ds	2
   203  000005                     OpenTimer0@config:
   204                           	opt stack 0
   205  000005                     WriteTimer0@timer0:
   206                           	opt stack 0
   207                           
   208                           ; 2 bytes @ 0x4
   209  000005                     	ds	2
   210  000007                     WriteTimer0@timer:
   211                           	opt stack 0
   212                           
   213                           ; 2 bytes @ 0x6
   214  000007                     	ds	2
   215  000009                     main@hbeat:
   216                           	opt stack 0
   217                           
   218                           ; 4 bytes @ 0x8
   219  000009                     	ds	4
   220                           intcon	equ	0xFF2
   221                           status	equ	0xFD8
   222                           
   223 ;; *************** function _WriteTimer0 *****************
   224 ;; Defined at:
   225 ;;		line 16 in file "C:\Program Files\Microchip\xc8\v1.34\sources\pic18\plib\Timers\t0write.c"
   226 ;; Parameters:    Size  Location     Type
   227 ;;  timer0          2    4[COMRAM] unsigned int 
   228 ;; Auto vars:     Size  Location     Type
   229 ;;  timer           2    6[COMRAM] struct Timers
   230 ;; Return value:  Size  Location     Type
   231 ;;		None               void
   232 ;; Registers used:
   233 ;;		None
   234 ;; Tracked objects:
   235 ;;		On entry : 0/0
   236 ;;		On exit  : 0/0
   237 ;;		Unchanged: 0/0
   238 ;; Data sizes:     COMRAM   BANK0   BANK1   BANK2   BANK3   BANK4   BANK5   BANK6   BANK7   BANK8   BANK9  BANK10  BANK1
      +1  BANK12  BANK13  BANK14
   239 ;;      Params:         2       0       0       0       0       0       0       0       0       0       0       0       
      +0       0       0       0
   240 ;;      Locals:         2       0       0       0       0       0       0       0       0       0       0       0       
      +0       0       0       0
   241 ;;      Temps:          0       0       0       0       0       0       0       0       0       0       0       0       
      +0       0       0       0
   242 ;;      Totals:         4       0       0       0       0       0       0       0       0       0       0       0       
      +0       0       0       0
   243 ;;Total ram usage:        4 bytes
   244 ;; Hardware stack levels used:    1
   245 ;; Hardware stack levels required when called:    2
   246 ;; This function calls:
   247 ;;		Nothing
   248 ;; This function is called by:
   249 ;;		_main
   250 ;; This function uses a non-reentrant model
   251 ;;
   252                           
   253                           	psect	text1
   254  0000B8                     __ptext1:
   255                           	opt stack 0
   256  0000B8                     _WriteTimer0:
   257                           	opt stack 28
   258                           
   259                           ;incstack = 0
   260  0000B8  C005  F007         	movff	WriteTimer0@timer0,WriteTimer0@timer
   261  0000BC  C006  F008         	movff	WriteTimer0@timer0+1,WriteTimer0@timer+1
   262  0000C0  C008  FFD7         	movff	WriteTimer0@timer+1,4055	;volatile
   263  0000C4  C007  FFD6         	movff	WriteTimer0@timer,4054	;volatile
   264  0000C8  0012               	return		;funcret
   265  0000CA                     __end_of_WriteTimer0:
   266                           	opt stack 0
   267                           intcon	equ	0xFF2
   268                           status	equ	0xFD8
   269                           
   270 ;; *************** function _OpenTimer0 *****************
   271 ;; Defined at:
   272 ;;		line 18 in file "C:\Program Files\Microchip\xc8\v1.34\sources\pic18\plib\Timers\t0open.c"
   273 ;; Parameters:    Size  Location     Type
   274 ;;  config          1    wreg     unsigned char 
   275 ;; Auto vars:     Size  Location     Type
   276 ;;  config          1    4[COMRAM] unsigned char 
   277 ;; Return value:  Size  Location     Type
   278 ;;		None               void
   279 ;; Registers used:
   280 ;;		wreg, status,2, status,0
   281 ;; Tracked objects:
   282 ;;		On entry : 0/0
   283 ;;		On exit  : 0/0
   284 ;;		Unchanged: 0/0
   285 ;; Data sizes:     COMRAM   BANK0   BANK1   BANK2   BANK3   BANK4   BANK5   BANK6   BANK7   BANK8   BANK9  BANK10  BANK1
      +1  BANK12  BANK13  BANK14
   286 ;;      Params:         0       0       0       0       0       0       0       0       0       0       0       0       
      +0       0       0       0
   287 ;;      Locals:         1       0       0       0       0       0       0       0       0       0       0       0       
      +0       0       0       0
   288 ;;      Temps:          0       0       0       0       0       0       0       0       0       0       0       0       
      +0       0       0       0
   289 ;;      Totals:         1       0       0       0       0       0       0       0       0       0       0       0       
      +0       0       0       0
   290 ;;Total ram usage:        1 bytes
   291 ;; Hardware stack levels used:    1
   292 ;; Hardware stack levels required when called:    2
   293 ;; This function calls:
   294 ;;		Nothing
   295 ;; This function is called by:
   296 ;;		_main
   297 ;; This function uses a non-reentrant model
   298 ;;
   299                           
   300                           	psect	text2
   301  00009C                     __ptext2:
   302                           	opt stack 0
   303  00009C                     _OpenTimer0:
   304                           	opt stack 28
   305                           
   306                           ;incstack = 0
   307                           ;OpenTimer0@config stored from wreg
   308  00009C  6E05               	movwf	OpenTimer0@config,c
   309  00009E  5005               	movf	OpenTimer0@config,w,c
   310  0000A0  0B7F               	andlw	127
   311  0000A2  6ED5               	movwf	4053,c	;volatile
   312  0000A4  6AD7               	clrf	4055,c	;volatile
   313  0000A6  6AD6               	clrf	4054,c	;volatile
   314  0000A8  94F2               	bcf	intcon,2,c	;volatile
   315  0000AA  AE05               	btfss	OpenTimer0@config,7,c
   316  0000AC  D002               	goto	l43
   317  0000AE  8AF2               	bsf	intcon,5,c	;volatile
   318  0000B0  D001               	goto	l44
   319  0000B2                     l43:
   320  0000B2  9AF2               	bcf	intcon,5,c	;volatile
   321  0000B4                     l44:
   322  0000B4  8ED5               	bsf	4053,7,c	;volatile
   323  0000B6  0012               	return		;funcret
   324  0000B8                     __end_of_OpenTimer0:
   325                           	opt stack 0
   326                           intcon	equ	0xFF2
   327                           status	equ	0xFD8
   328                           
   329 ;; *************** function _low_isr *****************
   330 ;; Defined at:
   331 ;;		line 199 in file "main.c"
   332 ;; Parameters:    Size  Location     Type
   333 ;;		None
   334 ;; Auto vars:     Size  Location     Type
   335 ;;		None
   336 ;; Return value:  Size  Location     Type
   337 ;;		None               void
   338 ;; Registers used:
   339 ;;		wreg, status,2, cstack
   340 ;; Tracked objects:
   341 ;;		On entry : 0/0
   342 ;;		On exit  : 0/0
   343 ;;		Unchanged: 0/0
   344 ;; Data sizes:     COMRAM   BANK0   BANK1   BANK2   BANK3   BANK4   BANK5   BANK6   BANK7   BANK8   BANK9  BANK10  BANK1
      +1  BANK12  BANK13  BANK14
   345 ;;      Params:         0       0       0       0       0       0       0       0       0       0       0       0       
      +0       0       0       0
   346 ;;      Locals:         0       0       0       0       0       0       0       0       0       0       0       0       
      +0       0       0       0
   347 ;;      Temps:          0       0       0       0       0       0       0       0       0       0       0       0       
      +0       0       0       0
   348 ;;      Totals:         0       0       0       0       0       0       0       0       0       0       0       0       
      +0       0       0       0
   349 ;;Total ram usage:        0 bytes
   350 ;; Hardware stack levels used:    1
   351 ;; Hardware stack levels required when called:    1
   352 ;; This function calls:
   353 ;;		i2_WriteTimer0
   354 ;; This function is called by:
   355 ;;		Interrupt level 2
   356 ;; This function uses a non-reentrant model
   357 ;;
   358                           
   359                           	psect	intcode
   360  000008                     __pintcode:
   361                           	opt stack 0
   362  000008                     _low_isr:
   363                           	opt stack 28
   364                           
   365                           ;main.c: 201: if(INTCONbits.TMR0IF == 1){
   366                           
   367                           ;incstack = 0
   368  000008  A4F2               	btfss	intcon,2,c	;volatile
   369  00000A  0011               	retfie		f
   370                           
   371                           ;main.c: 203: LATBbits.LATB2 = ~LATBbits.LATB2;
   372  00000C  748A               	btg	3978,2,c	;volatile
   373                           
   374                           ;main.c: 205: INTCONbits.TMR0IF = 0;
   375  00000E  94F2               	bcf	intcon,2,c	;volatile
   376                           
   377                           ;main.c: 207: WriteTimer0(0xF000);
   378  000010  0EF0               	movlw	240
   379  000012  6E02               	movwf	i2WriteTimer0@timer0+1,c
   380  000014  0E00               	movlw	0
   381  000016  6A01               	clrf	i2WriteTimer0@timer0,c
   382  000018  EC65  F000         	call	i2_WriteTimer0	;wreg free
   383  00001C  0011               	retfie		f
   384  00001E                     __end_of_low_isr:
   385                           	opt stack 0
   386                           intcon	equ	0xFF2
   387                           status	equ	0xFD8
   388                           
   389 ;; *************** function i2_WriteTimer0 *****************
   390 ;; Defined at:
   391 ;;		line 16 in file "C:\Program Files\Microchip\xc8\v1.34\sources\pic18\plib\Timers\t0write.c"
   392 ;; Parameters:    Size  Location     Type
   393 ;;  timer0          2    0[COMRAM] unsigned int 
   394 ;; Auto vars:     Size  Location     Type
   395 ;;  WriteTimer0     2    2[COMRAM] struct Timers
   396 ;; Return value:  Size  Location     Type
   397 ;;		None               void
   398 ;; Registers used:
   399 ;;		None
   400 ;; Tracked objects:
   401 ;;		On entry : 0/0
   402 ;;		On exit  : 0/0
   403 ;;		Unchanged: 0/0
   404 ;; Data sizes:     COMRAM   BANK0   BANK1   BANK2   BANK3   BANK4   BANK5   BANK6   BANK7   BANK8   BANK9  BANK10  BANK1
      +1  BANK12  BANK13  BANK14
   405 ;;      Params:         2       0       0       0       0       0       0       0       0       0       0       0       
      +0       0       0       0
   406 ;;      Locals:         2       0       0       0       0       0       0       0       0       0       0       0       
      +0       0       0       0
   407 ;;      Temps:          0       0       0       0       0       0       0       0       0       0       0       0       
      +0       0       0       0
   408 ;;      Totals:         4       0       0       0       0       0       0       0       0       0       0       0       
      +0       0       0       0
   409 ;;Total ram usage:        4 bytes
   410 ;; Hardware stack levels used:    1
   411 ;; This function calls:
   412 ;;		Nothing
   413 ;; This function is called by:
   414 ;;		_low_isr
   415 ;; This function uses a non-reentrant model
   416 ;;
   417                           
   418                           	psect	text4
   419  0000CA                     __ptext4:
   420                           	opt stack 0
   421  0000CA                     i2_WriteTimer0:
   422                           	opt stack 28
   423                           
   424                           ;incstack = 0
   425  0000CA  C001  F003         	movff	i2WriteTimer0@timer0,i2WriteTimer0@timer
   426  0000CE  C002  F004         	movff	i2WriteTimer0@timer0+1,i2WriteTimer0@timer+1
   427  0000D2  C004  FFD7         	movff	i2WriteTimer0@timer+1,4055	;volatile
   428  0000D6  C003  FFD6         	movff	i2WriteTimer0@timer,4054	;volatile
   429  0000DA  0012               	return		;funcret
   430  0000DC                     __end_ofi2_WriteTimer0:
   431                           	opt stack 0
   432  0000                     intcon	equ	0xFF2
   433                           status	equ	0xFD8
   434                           intcon	equ	0xFF2
   435                           status	equ	0xFD8
   436                           
   437                           	psect	rparam
   438  0000                     intcon	equ	0xFF2
   439                           status	equ	0xFD8


Data Sizes:
    Strings     0
    Constant    0
    Data        0
    BSS         0
    Persistent  0
    Stack       0

Auto Spaces:
    Space          Size  Autos    Used
    COMRAM           95     12      12
    BANK0           160      0       0
    BANK1           256      0       0
    BANK2           256      0       0
    BANK3           256      0       0
    BANK4           256      0       0
    BANK5           256      0       0
    BANK6           256      0       0
    BANK7           256      0       0
    BANK8           256      0       0
    BANK9           256      0       0
    BANK10          256      0       0
    BANK11          256      0       0
    BANK12          256      0       0
    BANK13          256      0       0
    BANK14           65      0       0

Pointer List with Targets:

    None.

Critical Paths under _main in COMRAM

    _main->_WriteTimer0

Critical Paths under _low_isr in COMRAM

    _low_isr->i2_WriteTimer0

Critical Paths under _main in BANK0

    None.

Critical Paths under _low_isr in BANK0

    None.

Critical Paths under _main in BANK1

    None.

Critical Paths under _low_isr in BANK1

    None.

Critical Paths under _main in BANK2

    None.

Critical Paths under _low_isr in BANK2

    None.

Critical Paths under _main in BANK3

    None.

Critical Paths under _low_isr in BANK3

    None.

Critical Paths under _main in BANK4

    None.

Critical Paths under _low_isr in BANK4

    None.

Critical Paths under _main in BANK5

    None.

Critical Paths under _low_isr in BANK5

    None.

Critical Paths under _main in BANK6

    None.

Critical Paths under _low_isr in BANK6

    None.

Critical Paths under _main in BANK7

    None.

Critical Paths under _low_isr in BANK7

    None.

Critical Paths under _main in BANK8

    None.

Critical Paths under _low_isr in BANK8

    None.

Critical Paths under _main in BANK9

    None.

Critical Paths under _low_isr in BANK9

    None.

Critical Paths under _main in BANK10

    None.

Critical Paths under _low_isr in BANK10

    None.

Critical Paths under _main in BANK11

    None.

Critical Paths under _low_isr in BANK11

    None.

Critical Paths under _main in BANK12

    None.

Critical Paths under _low_isr in BANK12

    None.

Critical Paths under _main in BANK13

    None.

Critical Paths under _low_isr in BANK13

    None.

Critical Paths under _main in BANK14

    None.

Critical Paths under _low_isr in BANK14

    None.

Call Graph Tables:

 ---------------------------------------------------------------------------------
 (Depth) Function   	        Calls       Base Space   Used Autos Params    Refs
 ---------------------------------------------------------------------------------
 (0) _main                                                 4     4      0     272
                                              8 COMRAM     4     4      0
                         _OpenTimer0
                        _WriteTimer0
 ---------------------------------------------------------------------------------
 (1) _WriteTimer0                                          4     2      2     171
                                              4 COMRAM     4     2      2
 ---------------------------------------------------------------------------------
 (1) _OpenTimer0                                           1     1      0      30
                                              4 COMRAM     1     1      0
 ---------------------------------------------------------------------------------
 Estimated maximum stack depth 1
 ---------------------------------------------------------------------------------
 (Depth) Function   	        Calls       Base Space   Used Autos Params    Refs
 ---------------------------------------------------------------------------------
 (2) _low_isr                                              0     0      0      93
                      i2_WriteTimer0
 ---------------------------------------------------------------------------------
 (3) i2_WriteTimer0                                        4     2      2      93
                                              0 COMRAM     4     2      2
 ---------------------------------------------------------------------------------
 Estimated maximum stack depth 3
 ---------------------------------------------------------------------------------

 Call Graph Graphs:

 _main (ROOT)
   _OpenTimer0
   _WriteTimer0

 _low_isr (ROOT)
   i2_WriteTimer0

 Address spaces:
Name               Size   Autos  Total    Cost      Usage
BITCOMRAM           5F      0       0       0        0.0%
EEDATA             400      0       0       0        0.0%
NULL                 0      0       0       0        0.0%
CODE                 0      0       0       0        0.0%
COMRAM              5F      C       C       1       12.6%
STACK                0      0       0       2        0.0%
DATA                 0      0       0       3        0.0%
BITBANK0            A0      0       0       4        0.0%
BANK0               A0      0       0       5        0.0%
ABS                  0      0       0       6        0.0%
BITBANK1           100      0       0       7        0.0%
BANK1              100      0       0       8        0.0%
BITBANK2           100      0       0       9        0.0%
BANK2              100      0       0      10        0.0%
BITBANK3           100      0       0      11        0.0%
BANK3              100      0       0      12        0.0%
BITBANK4           100      0       0      13        0.0%
BANK4              100      0       0      14        0.0%
BITBANK5           100      0       0      15        0.0%
BANK5              100      0       0      16        0.0%
BITBANK6           100      0       0      17        0.0%
BANK6              100      0       0      18        0.0%
BITBANK7           100      0       0      19        0.0%
BANK7              100      0       0      20        0.0%
BITBANK8           100      0       0      21        0.0%
BANK8              100      0       0      22        0.0%
BITBANK9           100      0       0      23        0.0%
BANK9              100      0       0      24        0.0%
BITBANK10          100      0       0      25        0.0%
BANK10             100      0       0      26        0.0%
BITBANK11          100      0       0      27        0.0%
BANK11             100      0       0      28        0.0%
BITBANK12          100      0       0      29        0.0%
BANK12             100      0       0      30        0.0%
BITBANK13          100      0       0      31        0.0%
BANK13             100      0       0      32        0.0%
BITBANK14           41      0       0      33        0.0%
BANK14              41      0       0      34        0.0%
BIGRAM             E40      0       0      35        0.0%
BITSFR_2             0      0       0      40        0.0%
SFR_2                0      0       0      40        0.0%
BITSFR_1             0      0       0      40        0.0%
SFR_1                0      0       0      40        0.0%
BITSFR               0      0       0      40        0.0%
SFR                  0      0       0      40        0.0%


Microchip Technology PIC18 Macro Assembler V1.34 build -361300703 
Symbol Table                                                                                   Thu Aug 20 20:39:14 2015

                     l43 00B2                       l44 00B4              __CFG_BORV$1 000000  
           __CFG_CP0$OFF 000000             __CFG_CP1$OFF 000000             __CFG_CP2$OFF 000000  
           __CFG_CP3$OFF 000000                      l711 004E                      l723 0080  
                    l715 0060                      l717 006C             __CFG_CPB$OFF 000000  
           __CFG_CPD$OFF 000000     __size_of_WriteTimer0 0012            __CFG_FCMEN$ON 000000  
                   _main 0022   __size_ofi2_WriteTimer0 0012                     start 001E  
          __CFG_IESO$OFF 000000            __CFG_MCLRE$ON 000000             ___param_bank 000010  
                  ?_main 0001                    _T0CON 000FD5                    _TMR0H 000FD7  
                  _TMR0L 000FD6            __CFG_WRT0$OFF 000000            __CFG_WRT1$OFF 000000  
          __CFG_WRT2$OFF 000000            __CFG_WRT3$OFF 000000           __CFG_EBTR0$OFF 000000  
         __CFG_EBTR1$OFF 000000           __CFG_EBTR2$OFF 000000           __CFG_EBTR3$OFF 000000  
          __CFG_WRTB$OFF 000000            __CFG_WRTC$OFF 000000            __CFG_WRTD$OFF 000000  
         __CFG_EBTRB$OFF 000000          __end_of_low_isr 001E                    status 000FD8  
        __initialization 00DC             __end_of_main 009C                   ??_main 0009  
          i2_WriteTimer0 00CA            __activetblptr 000000           __CFG_PLLCFG$ON 000000  
         __CFG_RETEN$OFF 000000          __CFG_BBSIZ$BB2K 000000               _OpenTimer0 009C  
         __CFG_WDTEN$OFF 000000           __CFG_WDTPS$256 000000           __CFG_XINST$OFF 000000  
         __CFG_STVREN$ON 000000         OpenTimer0@config 0005           ?i2_WriteTimer0 0001  
              ??_low_isr 0005               __accesstop 0060  __end_of__initialization 00DC  
          ___rparam_used 000001           __pcstackCOMRAM 0001              ?_OpenTimer0 0001  
        ??i2_WriteTimer0 0003         WriteTimer0@timer 0007            ??_WriteTimer0 0007  
       __CFG_CANMX$PORTB 000000      i2WriteTimer0@timer0 0001          __CFG_PWRTEN$OFF 000000  
                __Hparam 0000                  __Lparam 0000                  __pcinit 00DC  
                __ramtop 0F00      __size_of_OpenTimer0 001C                  __ptext0 0022  
                __ptext1 00B8                  __ptext2 009C                  __ptext4 00CA  
              _T0CONbits 000FD5        __CFG_MSSPMSK$MSK7 000000      __end_of_WriteTimer0 00CA  
                _low_isr 0008     end_of_initialization 00DC         __CFG_FOSC$INTIO2 000000  
              _TRISBbits 000F93              _WriteTimer0 00B8      start_initialization 00DC  
           ??_OpenTimer0 0005       __end_of_OpenTimer0 00B8                __pintcode 0008  
  __end_ofi2_WriteTimer0 00DC        WriteTimer0@timer0 0005       i2WriteTimer0@timer 0003  
               ?_low_isr 0001                 _LATBbits 000F8A         __CFG_SOSCSEL$DIG 000000  
              main@hbeat 0009                 __Hrparam 0000                 __Lrparam 0000  
     __CFG_BOREN$SBORDIS 000000             ?_WriteTimer0 0005         __size_of_low_isr 0016  
          __size_of_main 007A      __CFG_INTOSCSEL$HIGH 000000              _OSCTUNEbits 000F9B  
             _INTCONbits 000FF2                 intlevel2 0000               _OSCCONbits 000FD3  
    __CFG_BORPWR$ZPBORMV 000000  
